mode: set
reverse-proxy/health/health.go:28.129,40.21 2 1
reverse-proxy/health/health.go:40.21,42.3 1 1
reverse-proxy/health/health.go:43.2,43.10 1 1
reverse-proxy/health/health.go:46.25,47.73 1 0
reverse-proxy/health/health.go:47.73,50.3 2 0
reverse-proxy/health/health.go:51.2,52.12 2 0
reverse-proxy/health/health.go:52.12,56.7 4 0
reverse-proxy/health/health.go:56.7,57.11 1 0
reverse-proxy/health/health.go:58.15,59.21 1 0
reverse-proxy/health/health.go:60.20,61.11 1 0
reverse-proxy/health/health.go:67.35,68.14 1 1
reverse-proxy/health/health.go:68.14,70.3 1 0
reverse-proxy/health/health.go:71.2,72.23 2 1
reverse-proxy/health/health.go:72.23,73.28 1 1
reverse-proxy/health/health.go:73.28,75.4 1 1
reverse-proxy/health/health.go:77.2,77.14 1 1
reverse-proxy/health/health.go:80.39,82.2 1 1
reverse-proxy/health/health.go:84.43,85.40 1 1
reverse-proxy/health/health.go:85.40,87.3 1 0
reverse-proxy/health/health.go:88.2,89.32 2 1
reverse-proxy/health/health.go:92.52,93.14 1 1
reverse-proxy/health/health.go:93.14,95.3 1 0
reverse-proxy/health/health.go:96.2,96.26 1 1
reverse-proxy/health/health.go:96.26,98.3 1 1
reverse-proxy/health/health.go:99.2,100.31 2 1
reverse-proxy/health/health.go:100.31,102.3 1 1
reverse-proxy/health/health.go:103.2,103.13 1 1
reverse-proxy/health/health.go:106.32,108.23 1 0
reverse-proxy/health/health.go:108.23,111.3 2 0
reverse-proxy/health/health.go:114.38,124.16 8 1
reverse-proxy/health/health.go:124.16,126.3 1 0
reverse-proxy/health/health.go:128.2,129.16 2 1
reverse-proxy/health/health.go:129.16,131.3 1 0
reverse-proxy/health/health.go:132.2,134.56 2 1
reverse-proxy/health/health.go:137.38,138.9 1 1
reverse-proxy/health/health.go:139.27,140.22 1 1
reverse-proxy/health/health.go:141.27,142.22 1 0
reverse-proxy/health/health.go:143.10,144.79 1 1
reverse-proxy/health/health.go:148.33,149.13 1 1
reverse-proxy/health/health.go:149.13,151.3 1 0
reverse-proxy/health/health.go:152.2,152.32 1 1
reverse-proxy/health/health.go:152.32,154.3 1 0
reverse-proxy/health/health.go:155.2,155.10 1 1
reverse-proxy/proxy/balancer_lc.go:18.80,24.2 1 1
reverse-proxy/proxy/balancer_lc.go:26.76,28.12 2 1
reverse-proxy/proxy/balancer_lc.go:28.12,30.3 1 1
reverse-proxy/proxy/balancer_lc.go:31.2,31.12 1 1
reverse-proxy/proxy/balancer_lc.go:31.12,33.27 2 1
reverse-proxy/proxy/balancer_lc.go:33.27,33.50 1 1
reverse-proxy/proxy/balancer_lc.go:36.2,41.19 5 0
reverse-proxy/proxy/balancer_lc.go:41.19,43.52 2 0
reverse-proxy/proxy/balancer_lc.go:43.52,44.12 1 0
reverse-proxy/proxy/balancer_lc.go:46.3,47.17 2 0
reverse-proxy/proxy/balancer_lc.go:47.17,50.4 2 0
reverse-proxy/proxy/balancer_lc.go:53.2,53.18 1 0
reverse-proxy/proxy/balancer_lc.go:53.18,55.20 2 0
reverse-proxy/proxy/balancer_lc.go:55.20,58.18 3 0
reverse-proxy/proxy/balancer_lc.go:58.18,61.5 2 0
reverse-proxy/proxy/balancer_lc.go:65.2,66.31 2 0
reverse-proxy/proxy/balancer_lc.go:66.31,66.59 1 0
reverse-proxy/proxy/balancer_rr.go:17.82,23.2 1 0
reverse-proxy/proxy/balancer_rr.go:25.77,27.12 2 0
reverse-proxy/proxy/balancer_rr.go:27.12,29.3 1 0
reverse-proxy/proxy/balancer_rr.go:31.2,34.19 3 0
reverse-proxy/proxy/balancer_rr.go:34.19,36.52 2 0
reverse-proxy/proxy/balancer_rr.go:36.52,37.12 1 0
reverse-proxy/proxy/balancer_rr.go:39.3,40.27 2 0
reverse-proxy/proxy/balancer_rr.go:40.27,40.50 1 0
reverse-proxy/proxy/balancer_rr.go:43.2,45.26 3 0
reverse-proxy/proxy/balancer_rr.go:45.26,45.49 1 0
reverse-proxy/proxy/done_body.go:14.54,16.2 1 1
reverse-proxy/proxy/done_body.go:18.40,19.57 1 1
reverse-proxy/proxy/done_body.go:19.57,21.3 1 1
reverse-proxy/proxy/done_body.go:22.2,22.21 1 1
reverse-proxy/proxy/proxy.go:22.31,24.15 2 1
reverse-proxy/proxy/proxy.go:24.15,36.3 1 1
reverse-proxy/proxy/proxy.go:38.2,57.16 7 1
reverse-proxy/proxy/proxy.go:57.16,59.3 1 1
reverse-proxy/proxy/proxy.go:61.2,61.14 1 1
reverse-proxy/proxy/proxy.go:62.20,63.60 1 0
reverse-proxy/proxy/proxy.go:64.10,65.59 1 1
reverse-proxy/proxy/proxy.go:68.2,68.10 1 1
reverse-proxy/proxy/proxy.go:71.53,74.26 3 1
reverse-proxy/proxy/proxy.go:74.26,76.14 2 1
reverse-proxy/proxy/proxy.go:76.14,77.12 1 1
reverse-proxy/proxy/proxy.go:79.3,80.17 2 1
reverse-proxy/proxy/proxy.go:80.17,82.4 1 0
reverse-proxy/proxy/proxy.go:83.3,83.37 1 1
reverse-proxy/proxy/proxy.go:83.37,85.4 1 1
reverse-proxy/proxy/proxy.go:86.3,87.23 2 1
reverse-proxy/proxy/proxy.go:89.2,89.17 1 1
reverse-proxy/proxy/proxy.go:92.67,94.9 2 1
reverse-proxy/proxy/proxy.go:94.9,97.3 2 1
reverse-proxy/proxy/proxy.go:99.2,100.16 2 1
reverse-proxy/proxy/proxy.go:100.16,104.3 3 0
reverse-proxy/proxy/proxy.go:106.2,107.16 2 1
reverse-proxy/proxy/proxy.go:107.16,112.3 4 1
reverse-proxy/proxy/proxy.go:114.2,121.30 6 1
reverse-proxy/proxy/proxy.go:124.50,125.21 1 1
reverse-proxy/proxy/proxy.go:125.21,127.3 1 0
reverse-proxy/proxy/proxy.go:128.2,128.29 1 1
reverse-proxy/proxy/proxy.go:128.29,129.45 1 1
reverse-proxy/proxy/proxy.go:129.45,132.4 2 1
reverse-proxy/proxy/proxy.go:136.92,142.16 5 1
reverse-proxy/proxy/proxy.go:142.16,144.3 1 0
reverse-proxy/proxy/proxy.go:146.2,155.20 7 1
reverse-proxy/proxy/proxy.go:158.40,159.25 1 1
reverse-proxy/proxy/proxy.go:159.25,162.24 3 1
reverse-proxy/proxy/proxy.go:162.24,164.4 1 1
reverse-proxy/proxy/proxy.go:168.43,169.39 1 1
reverse-proxy/proxy/proxy.go:169.39,170.43 1 1
reverse-proxy/proxy/proxy.go:170.43,171.48 1 1
reverse-proxy/proxy/proxy.go:171.48,173.5 1 1
reverse-proxy/proxy/proxy.go:176.2,184.18 9 1
reverse-proxy/proxy/proxy.go:187.56,189.14 2 1
reverse-proxy/proxy/proxy.go:189.14,191.3 1 0
reverse-proxy/proxy/proxy.go:192.2,192.52 1 1
reverse-proxy/proxy/proxy.go:192.52,194.3 1 0
reverse-proxy/proxy/proxy.go:194.8,196.3 1 1
reverse-proxy/proxy/proxy.go:199.58,201.19 2 1
reverse-proxy/proxy/proxy.go:201.19,203.3 1 0
reverse-proxy/proxy/proxy.go:204.2,204.35 1 1
reverse-proxy/proxy/proxy.go:207.57,208.19 1 1
reverse-proxy/proxy/proxy.go:208.19,210.3 1 1
reverse-proxy/proxy/proxy.go:213.39,215.16 2 1
reverse-proxy/proxy/proxy.go:215.16,217.3 1 1
reverse-proxy/proxy/proxy.go:218.2,218.38 1 0
reverse-proxy/proxy/proxy.go:218.38,220.3 1 0
reverse-proxy/proxy/proxy.go:221.2,221.11 1 0
reverse-proxy/proxy/proxy.go:224.38,225.9 1 1
reverse-proxy/proxy/proxy.go:226.27,227.22 1 1
reverse-proxy/proxy/proxy.go:228.27,229.22 1 1
reverse-proxy/proxy/proxy.go:230.10,231.79 1 1
reverse-proxy/proxy/proxy.go:235.33,236.13 1 1
reverse-proxy/proxy/proxy.go:236.13,238.3 1 0
reverse-proxy/proxy/proxy.go:239.2,239.32 1 1
reverse-proxy/proxy/proxy.go:239.32,241.3 1 1
reverse-proxy/proxy/proxy.go:242.2,242.10 1 1
reverse-proxy/config/config.go:13.41,23.16 3 0
reverse-proxy/config/config.go:23.16,24.25 1 0
reverse-proxy/config/config.go:24.25,26.4 1 0
reverse-proxy/config/config.go:27.3,27.18 1 0
reverse-proxy/config/config.go:29.2,29.50 1 0
reverse-proxy/config/config.go:29.50,31.3 1 0
reverse-proxy/config/config.go:32.2,32.17 1 0
reverse-proxy/main.go:13.13,15.16 2 0
reverse-proxy/main.go:15.16,17.3 1 0
reverse-proxy/main.go:19.2,24.25 5 0
reverse-proxy/main.go:24.25,26.3 1 0
reverse-proxy/main.go:28.2,29.16 2 0
reverse-proxy/main.go:29.16,31.3 1 0
reverse-proxy/main.go:32.2,32.25 1 0
reverse-proxy/main.go:32.25,34.3 1 0
reverse-proxy/main.go:36.2,50.33 4 0
